<?xml version="1.0" encoding="UTF-8"?>
<testsuite xmlns:xsi="http://www.w3.org/2001/XMLSchema-instance" xsi:noNamespaceSchemaLocation="https://maven.apache.org/surefire/maven-failsafe-plugin/xsd/failsafe-test-report.xsd" name="io.quarkus.workshop.superheroes.hero.NativeHeroResourceIT" time="19.209" tests="10" errors="0" skipped="0" failures="6">
  <properties>
[...]
</properties>
  <testcase name="shouldGetInitialItems" classname="io.quarkus.workshop.superheroes.hero.NativeHeroResourceIT" time="2.797">
    <failure message="expected: &lt;951&gt; but was: &lt;0&gt;" type="org.opentest4j.AssertionFailedError"><![CDATA[org.opentest4j.AssertionFailedError: expected: <951> but was: <0>
]]></failure>
    <system-out><![CDATA[        &amp#27;[37m&amp#27;[1mℹ︎ Checking the system...&amp#27;[0m&amp#27;[0m
        &amp#27;[32m✔ Docker version should be at least 1.6.0&amp#27;[0m
        &amp#27;[32m✔ Docker environment should have more than 2GB free disk space&amp#27;[0m
Executing [/Users/nag/Desktop/quarkus-ibm/quarkus-workshop/super-heroes/rest-hero/target/rest-hero-01-runner, -Dquarkus.http.port=8081, -Dtest.url=http://localhost:8081, -Dquarkus.log.file.path=target/quarkus.log, -Dquarkus.datasource.url=jdbc:postgresql://localhost:32809/heroes_database?loggerLevel=OFF]
&amp#27;[38;5;145m11:20:13&amp#27;[39m&amp#27;[38;5;188m &amp#27;[39m&amp#27;[38;5;107mINFO &amp#27;[39m&amp#27;[38;5;188m [&amp#27;[39m&amp#27;[38;5;69mio.ag.pool&amp#27;[39m&amp#27;[38;5;188m] (&amp#27;[39m&amp#27;[38;5;71mmain&amp#27;[39m&amp#27;[38;5;188m) &amp#27;[39m&amp#27;[38;5;151mDatasource '<default>': Initial size smaller than min. Connections will be created when necessary&amp#27;[39m&amp#27;[38;5;203m&amp#27;[39m&amp#27;[38;5;227m
&amp#27;[39m&amp#27;[38;5;145m11:20:13&amp#27;[39m&amp#27;[38;5;188m &amp#27;[39m&amp#27;[38;5;107mINFO &amp#27;[39m&amp#27;[38;5;188m [&amp#27;[39m&amp#27;[38;5;69mio.qu.wo.su.he.HeroApplicationLifeCycle&amp#27;[39m&amp#27;[38;5;188m] (&amp#27;[39m&amp#27;[38;5;71mmain&amp#27;[39m&amp#27;[38;5;188m) &amp#27;[39m&amp#27;[38;5;151m  _   _                      _    ____ ___ &amp#27;[39m&amp#27;[38;5;203m&amp#27;[39m&amp#27;[38;5;227m
&amp#27;[39m&amp#27;[38;5;145m11:20:13&amp#27;[39m&amp#27;[38;5;188m &amp#27;[39m&amp#27;[38;5;107mINFO &amp#27;[39m&amp#27;[38;5;188m [&amp#27;[39m&amp#27;[38;5;69mio.qu.wo.su.he.HeroApplicationLifeCycle&amp#27;[39m&amp#27;[38;5;188m] (&amp#27;[39m&amp#27;[38;5;71mmain&amp#27;[39m&amp#27;[38;5;188m) &amp#27;[39m&amp#27;[38;5;151m | | | | ___ _ __ ___       / \  |  _ \_ _|&amp#27;[39m&amp#27;[38;5;203m&amp#27;[39m&amp#27;[38;5;227m
&amp#27;[39m&amp#27;[38;5;145m11:20:13&amp#27;[39m&amp#27;[38;5;188m &amp#27;[39m&amp#27;[38;5;107mINFO &amp#27;[39m&amp#27;[38;5;188m [&amp#27;[39m&amp#27;[38;5;69mio.qu.wo.su.he.HeroApplicationLifeCycle&amp#27;[39m&amp#27;[38;5;188m] (&amp#27;[39m&amp#27;[38;5;71mmain&amp#27;[39m&amp#27;[38;5;188m) &amp#27;[39m&amp#27;[38;5;151m | |_| |/ _ \ '__/ _ \     / _ \ | |_) | | &amp#27;[39m&amp#27;[38;5;203m&amp#27;[39m&amp#27;[38;5;227m
&amp#27;[39m&amp#27;[38;5;145m11:20:13&amp#27;[39m&amp#27;[38;5;188m &amp#27;[39m&amp#27;[38;5;107mINFO &amp#27;[39m&amp#27;[38;5;188m [&amp#27;[39m&amp#27;[38;5;69mio.qu.wo.su.he.HeroApplicationLifeCycle&amp#27;[39m&amp#27;[38;5;188m] (&amp#27;[39m&amp#27;[38;5;71mmain&amp#27;[39m&amp#27;[38;5;188m) &amp#27;[39m&amp#27;[38;5;151m |  _  |  __/ | | (_) |   / ___ \|  __/| | &amp#27;[39m&amp#27;[38;5;203m&amp#27;[39m&amp#27;[38;5;227m
&amp#27;[39m&amp#27;[38;5;145m11:20:13&amp#27;[39m&amp#27;[38;5;188m &amp#27;[39m&amp#27;[38;5;107mINFO &amp#27;[39m&amp#27;[38;5;188m [&amp#27;[39m&amp#27;[38;5;69mio.qu.wo.su.he.HeroApplicationLifeCycle&amp#27;[39m&amp#27;[38;5;188m] (&amp#27;[39m&amp#27;[38;5;71mmain&amp#27;[39m&amp#27;[38;5;188m) &amp#27;[39m&amp#27;[38;5;151m |_| |_|\___|_|  \___/   /_/   \_\_|  |___|&amp#27;[39m&amp#27;[38;5;203m&amp#27;[39m&amp#27;[38;5;227m
&amp#27;[39m&amp#27;[38;5;145m11:20:13&amp#27;[39m&amp#27;[38;5;188m &amp#27;[39m&amp#27;[38;5;107mINFO &amp#27;[39m&amp#27;[38;5;188m [&amp#27;[39m&amp#27;[38;5;69mio.qu.wo.su.he.HeroApplicationLifeCycle&amp#27;[39m&amp#27;[38;5;188m] (&amp#27;[39m&amp#27;[38;5;71mmain&amp#27;[39m&amp#27;[38;5;188m) &amp#27;[39m&amp#27;[38;5;151m                         Powered by Quarkus&amp#27;[39m&amp#27;[38;5;203m&amp#27;[39m&amp#27;[38;5;227m
&amp#27;[39m&amp#27;[38;5;145m11:20:13&amp#27;[39m&amp#27;[38;5;188m &amp#27;[39m&amp#27;[38;5;107mINFO &amp#27;[39m&amp#27;[38;5;188m [&amp#27;[39m&amp#27;[38;5;69mio.qu.wo.su.he.HeroApplicationLifeCycle&amp#27;[39m&amp#27;[38;5;188m] (&amp#27;[39m&amp#27;[38;5;71mmain&amp#27;[39m&amp#27;[38;5;188m) &amp#27;[39m&amp#27;[38;5;151m&amp#27;[39mThe application HERO is starting with profile `&amp#27;[38;5;188mprod&amp#27;[39m`&amp#27;[39m&amp#27;[38;5;203m&amp#27;[39m&amp#27;[38;5;227m
&amp#27;[39m&amp#27;[38;5;145m11:20:13&amp#27;[39m&amp#27;[38;5;188m &amp#27;[39m&amp#27;[38;5;107mINFO &amp#27;[39m&amp#27;[38;5;188m [&amp#27;[39m&amp#27;[38;5;69mio.quarkus&amp#27;[39m&amp#27;[38;5;188m] (&amp#27;[39m&amp#27;[38;5;71mmain&amp#27;[39m&amp#27;[38;5;188m) &amp#27;[39m&amp#27;[38;5;151m&amp#27;[39m&amp#27;[38;5;188mrest-hero&amp#27;[39m &amp#27;[38;5;188m01&amp#27;[39m (running on Quarkus &amp#27;[38;5;188m1.2.0.Final&amp#27;[39m) started in &amp#27;[38;5;188m0.323&amp#27;[39ms. &amp#27;[38;5;188mListening on: http://0.0.0.0:8081&amp#27;[39m&amp#27;[39m&amp#27;[38;5;203m&amp#27;[39m&amp#27;[38;5;227m
&amp#27;[39m&amp#27;[38;5;145m11:20:13&amp#27;[39m&amp#27;[38;5;188m &amp#27;[39m&amp#27;[38;5;107mINFO &amp#27;[39m&amp#27;[38;5;188m [&amp#27;[39m&amp#27;[38;5;69mio.quarkus&amp#27;[39m&amp#27;[38;5;188m] (&amp#27;[39m&amp#27;[38;5;71mmain&amp#27;[39m&amp#27;[38;5;188m) &amp#27;[39m&amp#27;[38;5;151m&amp#27;[39mProfile &amp#27;[38;5;188mprod&amp#27;[39m activated. &amp#27;[38;5;188m&amp#27;[39m&amp#27;[39m&amp#27;[38;5;203m&amp#27;[39m&amp#27;[38;5;227m
&amp#27;[39m&amp#27;[38;5;145m11:20:13&amp#27;[39m&amp#27;[38;5;188m &amp#27;[39m&amp#27;[38;5;107mINFO &amp#27;[39m&amp#27;[38;5;188m [&amp#27;[39m&amp#27;[38;5;69mio.quarkus&amp#27;[39m&amp#27;[38;5;188m] (&amp#27;[39m&amp#27;[38;5;71mmain&amp#27;[39m&amp#27;[38;5;188m) &amp#27;[39m&amp#27;[38;5;151m&amp#27;[39mInstalled features: [&amp#27;[38;5;188magroal, cdi, hibernate-orm, hibernate-orm-panache, hibernate-validator, jdbc-postgresql, narayana-jta, resteasy, resteasy-jsonb, smallrye-health, smallrye-metrics, smallrye-openapi&amp#27;[39m]&amp#27;[39m&amp#27;[38;5;203m&amp#27;[39m&amp#27;[38;5;227m
&amp#27;[39m]]></system-out>
    <system-err><![CDATA[Jul 07, 2020 11:19:59 AM org.testcontainers.dockerclient.DockerClientProviderStrategy lambda$getFirstValidStrategy$1
INFO: Loaded org.testcontainers.dockerclient.UnixSocketClientProviderStrategy from ~/.testcontainers.properties, will try it first
Jul 07, 2020 11:20:01 AM org.testcontainers.dockerclient.UnixSocketClientProviderStrategy test
INFO: Accessing docker with local Unix socket
Jul 07, 2020 11:20:01 AM org.testcontainers.dockerclient.DockerClientProviderStrategy lambda$getFirstValidStrategy$2
INFO: Found Docker environment with local Unix socket (unix:///var/run/docker.sock)
Jul 07, 2020 11:20:02 AM org.testcontainers.DockerClientFactory client
INFO: Docker host IP address is localhost
Jul 07, 2020 11:20:02 AM org.testcontainers.DockerClientFactory client
INFO: Connected to docker: 
  Server Version: 19.03.5
  API Version: 1.40
  Operating System: Docker Desktop
  Total Memory: 3947 MB
Jul 07, 2020 11:20:05 AM org.testcontainers.DockerClientFactory client
INFO: Ryuk started - will monitor and terminate Testcontainers containers on JVM exit
Jul 07, 2020 11:20:05 AM org.testcontainers.containers.GenericContainer tryStart
INFO: Creating container for image: postgres:10.5
Jul 07, 2020 11:20:06 AM org.testcontainers.containers.GenericContainer tryStart
INFO: Starting container with ID: 5a13c0ed8c49e0735defd13e4975cedbcb6fb7ff494ef790d76237fb30dc8f20
Jul 07, 2020 11:20:07 AM org.testcontainers.containers.GenericContainer tryStart
INFO: Container postgres:10.5 is starting: 5a13c0ed8c49e0735defd13e4975cedbcb6fb7ff494ef790d76237fb30dc8f20
Jul 07, 2020 11:20:11 AM org.testcontainers.containers.GenericContainer tryStart
INFO: Container postgres:10.5 started in PT12.215006S
]]></system-err>
  </testcase>
  <testcase name="shouldAddAnItem" classname="io.quarkus.workshop.superheroes.hero.NativeHeroResourceIT" time="1.295">
    <failure message="1 expectation failed.&#10;JSON path level doesn&apos;t match.&#10;Expected: is &lt;42&gt;&#10;  Actual: 126&#10;" type="java.lang.AssertionError"><![CDATA[java.lang.AssertionError: 
1 expectation failed.
JSON path level doesn't match.
Expected: is <42>
  Actual: 126

]]></failure>
  </testcase>
  <testcase name="shouldUpdateAnItem" classname="io.quarkus.workshop.superheroes.hero.NativeHeroResourceIT" time="0.267">
    <failure message="expected: &lt;952&gt; but was: &lt;1&gt;" type="org.opentest4j.AssertionFailedError"><![CDATA[org.opentest4j.AssertionFailedError: expected: <952> but was: <1>
]]></failure>
  </testcase>
  <testcase name="shouldRemoveAnItem" classname="io.quarkus.workshop.superheroes.hero.NativeHeroResourceIT" time="0.091">
    <failure message="expected: &lt;951&gt; but was: &lt;0&gt;" type="org.opentest4j.AssertionFailedError"><![CDATA[org.opentest4j.AssertionFailedError: expected: <951> but was: <0>
]]></failure>
  </testcase>
  <testcase name="shouldPingSwaggerUI" classname="io.quarkus.workshop.superheroes.hero.NativeHeroResourceIT" time="0.047">
    <failure message="1 expectation failed.&#10;Expected status code &lt;200&gt; but was &lt;404&gt;.&#10;" type="java.lang.AssertionError"><![CDATA[java.lang.AssertionError: 
1 expectation failed.
Expected status code <200> but was <404>.

]]></failure>
  </testcase>
  <testcase name="shouldGetRandomHero" classname="io.quarkus.workshop.superheroes.hero.NativeHeroResourceIT" time="0.106">
    <failure message="1 expectation failed.&#10;Expected status code &lt;200&gt; but was &lt;500&gt;.&#10;" type="java.lang.AssertionError"><![CDATA[java.lang.AssertionError: 
1 expectation failed.
Expected status code <200> but was <500>.

]]></failure>
    <system-out><![CDATA[&amp#27;[38;5;145m11:20:18&amp#27;[39m&amp#27;[38;5;188m &amp#27;[39m&amp#27;[38;5;203mERROR&amp#27;[39m&amp#27;[38;5;188m [&amp#27;[39m&amp#27;[38;5;69mio.qu.ve.ht.ru.QuarkusErrorHandler&amp#27;[39m&amp#27;[38;5;188m] (&amp#27;[39m&amp#27;[38;5;71mexecutor-thread-1&amp#27;[39m&amp#27;[38;5;188m) &amp#27;[39m&amp#27;[38;5;151m&amp#27;[39mHTTP Request to &amp#27;[38;5;188m/api/heroes/random&amp#27;[39m failed, error id: &amp#27;[38;5;188mfc527c08-c070-4615-a4c1-a20fd8909546-1&amp#27;[39m&amp#27;[39m&amp#27;[38;5;203m: org.jboss.resteasy.spi.UnhandledException: java.lang.IllegalArgumentException: bound must be positive
	at org.jboss.resteasy.core.ExceptionHandler.handleApplicationException(ExceptionHandler.java:106)
	at org.jboss.resteasy.core.ExceptionHandler.handleException(ExceptionHandler.java:372)
	at org.jboss.resteasy.core.SynchronousDispatcher.writeException(SynchronousDispatcher.java:209)
	at org.jboss.resteasy.core.SynchronousDispatcher.invoke(SynchronousDispatcher.java:496)
	at org.jboss.resteasy.core.SynchronousDispatcher.lambda$invoke$4(SynchronousDispatcher.java:252)
	at org.jboss.resteasy.core.SynchronousDispatcher.lambda$preprocess$0(SynchronousDispatcher.java:153)
	at org.jboss.resteasy.core.interception.jaxrs.PreMatchContainerRequestContext.filter(PreMatchContainerRequestContext.java:363)
	at org.jboss.resteasy.core.SynchronousDispatcher.preprocess(SynchronousDispatcher.java:156)
	at org.jboss.resteasy.core.SynchronousDispatcher.invoke(SynchronousDispatcher.java:238)
	at io.quarkus.resteasy.runtime.standalone.RequestDispatcher.service(RequestDispatcher.java:73)
	at io.quarkus.resteasy.runtime.standalone.VertxRequestHandler.dispatch(VertxRequestHandler.java:120)
	at io.quarkus.resteasy.runtime.standalone.VertxRequestHandler.access$000(VertxRequestHandler.java:36)
	at io.quarkus.resteasy.runtime.standalone.VertxRequestHandler$1.run(VertxRequestHandler.java:85)
	at org.jboss.threads.ContextClassLoaderSavingRunnable.run(ContextClassLoaderSavingRunnable.java:35)
	at org.jboss.threads.EnhancedQueueExecutor.safeRun(EnhancedQueueExecutor.java:2011)
	at org.jboss.threads.EnhancedQueueExecutor$ThreadBody.doRunTask(EnhancedQueueExecutor.java:1535)
	at org.jboss.threads.EnhancedQueueExecutor$ThreadBody.run(EnhancedQueueExecutor.java:1426)
	at org.jboss.threads.DelegatingRunnable.run(DelegatingRunnable.java:29)
	at org.jboss.threads.ThreadLocalResettingRunnable.run(ThreadLocalResettingRunnable.java:29)
	at java.lang.Thread.run(Thread.java:834)
	at org.jboss.threads.JBossThread.run(JBossThread.java:479)
	at com.oracle.svm.core.thread.JavaThreads.threadStartRoutine(JavaThreads.java:517)
	at com.oracle.svm.core.posix.thread.PosixJavaThreads.pthreadStartRoutine(PosixJavaThreads.java:193)
Caused by: java.lang.IllegalArgumentException: bound must be positive
	at java.util.Random.nextInt(Random.java:388)
	at io.quarkus.workshop.superheroes.hero.Hero.findRandom(Hero.java:34)
	at io.quarkus.workshop.superheroes.hero.HeroService.findRandomHero(HeroService.java:35)
	at io.quarkus.workshop.superheroes.hero.HeroService_Subclass.findRandomHero$$superaccessor15(HeroService_Subclass.zig:159)
	at io.quarkus.workshop.superheroes.hero.HeroService_Subclass$$function$$15.apply(HeroService_Subclass$$function$$15.zig:47)
	at io.quarkus.arc.impl.AroundInvokeInvocationContext.proceed(AroundInvokeInvocationContext.java:54)
	at io.quarkus.narayana.jta.runtime.interceptor.TransactionalInterceptorBase.invokeInNoTx(TransactionalInterceptorBase.java:255)
	at io.quarkus.narayana.jta.runtime.interceptor.TransactionalInterceptorSupports.doIntercept(TransactionalInterceptorSupports.java:32)
	at io.quarkus.narayana.jta.runtime.interceptor.TransactionalInterceptorBase.intercept(TransactionalInterceptorBase.java:53)
	at io.quarkus.narayana.jta.runtime.interceptor.TransactionalInterceptorSupports.intercept(TransactionalInterceptorSupports.java:26)
	at io.quarkus.narayana.jta.runtime.interceptor.TransactionalInterceptorSupports_Bean.intercept(TransactionalInterceptorSupports_Bean.zig:222)
	at io.quarkus.arc.impl.InterceptorInvocation.invoke(InterceptorInvocation.java:41)
	at io.quarkus.arc.impl.AroundInvokeInvocationContext.perform(AroundInvokeInvocationContext.java:41)
	at io.quarkus.arc.impl.InvocationContexts.performAroundInvoke(InvocationContexts.java:32)
	at io.quarkus.workshop.superheroes.hero.HeroService_Subclass.findRandomHero(HeroService_Subclass.zig:420)
	at io.quarkus.workshop.superheroes.hero.HeroService_ClientProxy.findRandomHero(HeroService_ClientProxy.zig:343)
	at io.quarkus.workshop.superheroes.hero.HeroResource.getRandomHero(HeroResource.java:37)
	at java.lang.reflect.Method.invoke(Method.java:566)
	at org.jboss.resteasy.core.MethodInjectorImpl.invoke(MethodInjectorImpl.java:151)
	at org.jboss.resteasy.core.MethodInjectorImpl.lambda$invoke$3(MethodInjectorImpl.java:122)
	at java.util.concurrent.CompletableFuture.uniApplyNow(CompletableFuture.java:680)
	at java.util.concurrent.CompletableFuture.uniApplyStage(CompletableFuture.java:658)
	at java.util.concurrent.CompletableFuture.thenApply(CompletableFuture.java:2094)
	at java.util.concurrent.CompletableFuture.thenApply(CompletableFuture.java:143)
	at org.jboss.resteasy.core.MethodInjectorImpl.invoke(MethodInjectorImpl.java:122)
	at org.jboss.resteasy.core.ResourceMethodInvoker.internalInvokeOnTarget(ResourceMethodInvoker.java:594)
	at org.jboss.resteasy.core.ResourceMethodInvoker.invokeOnTargetAfterFilter(ResourceMethodInvoker.java:468)
	at org.jboss.resteasy.core.ResourceMethodInvoker.lambda$invokeOnTarget$2(ResourceMethodInvoker.java:421)
	at org.jboss.resteasy.core.interception.jaxrs.PreMatchContainerRequestContext.filter(PreMatchContainerRequestContext.java:363)
	at org.jboss.resteasy.core.ResourceMethodInvoker.invokeOnTarget(ResourceMethodInvoker.java:423)
	at org.jboss.resteasy.core.ResourceMethodInvoker.invoke(ResourceMethodInvoker.java:391)
	at org.jboss.resteasy.core.ResourceMethodInvoker.lambda$invoke$1(ResourceMethodInvoker.java:365)
	at java.util.concurrent.CompletableFuture.uniComposeStage(CompletableFuture.java:1106)
	at java.util.concurrent.CompletableFuture.thenCompose(CompletableFuture.java:2235)
	at java.util.concurrent.CompletableFuture.thenCompose(CompletableFuture.java:143)
	at org.jboss.resteasy.core.ResourceMethodInvoker.invoke(ResourceMethodInvoker.java:365)
	at org.jboss.resteasy.core.SynchronousDispatcher.invoke(SynchronousDispatcher.java:477)
	... 19 more
&amp#27;[39m&amp#27;[38;5;227m
&amp#27;[39m]]></system-out>
  </testcase>
  <testcase name="shouldNotAddInvalidItem" classname="io.quarkus.workshop.superheroes.hero.NativeHeroResourceIT" time="0"/>
  <testcase name="shouldNotGetUnknownHero" classname="io.quarkus.workshop.superheroes.hero.NativeHeroResourceIT" time="0.078"/>
  <testcase name="testHelloEndpoint" classname="io.quarkus.workshop.superheroes.hero.NativeHeroResourceIT" time="0.06"/>
  <testcase name="shouldPingOpenApi" classname="io.quarkus.workshop.superheroes.hero.NativeHeroResourceIT" time="0.032"/>
</testsuite>